<?xml version="1.0" encoding="UTF-8"?>
<testsuite xmlns:xsi="http://www.w3.org/2001/XMLSchema-instance" xsi:noNamespaceSchemaLocation="https://maven.apache.org/surefire/maven-surefire-plugin/xsd/surefire-test-report.xsd" name="com.example.accounts.AccountsApplicationTests" time="25.72" tests="1" errors="0" skipped="0" failures="0">
  <properties>
    <property name="awt.toolkit" value="sun.awt.X11.XToolkit"/>
    <property name="java.specification.version" value="11"/>
    <property name="sun.cpu.isalist" value=""/>
    <property name="sun.jnu.encoding" value="UTF-8"/>
    <property name="java.class.path" value="/opt/build/workspace/node1-pipeline/target/test-classes:/opt/build/workspace/node1-pipeline/target/classes:/root/.m2/repository/org/springframework/boot/spring-boot-starter-actuator/2.7.6/spring-boot-starter-actuator-2.7.6.jar:/root/.m2/repository/org/springframework/boot/spring-boot-starter/2.7.6/spring-boot-starter-2.7.6.jar:/root/.m2/repository/org/springframework/boot/spring-boot/2.7.6/spring-boot-2.7.6.jar:/root/.m2/repository/org/springframework/boot/spring-boot-autoconfigure/2.7.6/spring-boot-autoconfigure-2.7.6.jar:/root/.m2/repository/org/springframework/boot/spring-boot-starter-logging/2.7.6/spring-boot-starter-logging-2.7.6.jar:/root/.m2/repository/ch/qos/logback/logback-classic/1.2.11/logback-classic-1.2.11.jar:/root/.m2/repository/ch/qos/logback/logback-core/1.2.11/logback-core-1.2.11.jar:/root/.m2/repository/org/apache/logging/log4j/log4j-to-slf4j/2.17.2/log4j-to-slf4j-2.17.2.jar:/root/.m2/repository/org/apache/logging/log4j/log4j-api/2.17.2/log4j-api-2.17.2.jar:/root/.m2/repository/org/slf4j/jul-to-slf4j/1.7.36/jul-to-slf4j-1.7.36.jar:/root/.m2/repository/jakarta/annotation/jakarta.annotation-api/1.3.5/jakarta.annotation-api-1.3.5.jar:/root/.m2/repository/org/yaml/snakeyaml/1.30/snakeyaml-1.30.jar:/root/.m2/repository/org/springframework/boot/spring-boot-actuator-autoconfigure/2.7.6/spring-boot-actuator-autoconfigure-2.7.6.jar:/root/.m2/repository/org/springframework/boot/spring-boot-actuator/2.7.6/spring-boot-actuator-2.7.6.jar:/root/.m2/repository/com/fasterxml/jackson/core/jackson-databind/2.13.4.2/jackson-databind-2.13.4.2.jar:/root/.m2/repository/com/fasterxml/jackson/datatype/jackson-datatype-jsr310/2.13.4/jackson-datatype-jsr310-2.13.4.jar:/root/.m2/repository/org/springframework/boot/spring-boot-starter-web/2.7.6/spring-boot-starter-web-2.7.6.jar:/root/.m2/repository/org/springframework/boot/spring-boot-starter-json/2.7.6/spring-boot-starter-json-2.7.6.jar:/root/.m2/repository/com/fasterxml/jackson/datatype/jackson-datatype-jdk8/2.13.4/jackson-datatype-jdk8-2.13.4.jar:/root/.m2/repository/com/fasterxml/jackson/module/jackson-module-parameter-names/2.13.4/jackson-module-parameter-names-2.13.4.jar:/root/.m2/repository/org/springframework/boot/spring-boot-starter-tomcat/2.7.6/spring-boot-starter-tomcat-2.7.6.jar:/root/.m2/repository/org/apache/tomcat/embed/tomcat-embed-core/9.0.69/tomcat-embed-core-9.0.69.jar:/root/.m2/repository/org/apache/tomcat/embed/tomcat-embed-el/9.0.69/tomcat-embed-el-9.0.69.jar:/root/.m2/repository/org/apache/tomcat/embed/tomcat-embed-websocket/9.0.69/tomcat-embed-websocket-9.0.69.jar:/root/.m2/repository/org/springframework/spring-web/5.3.24/spring-web-5.3.24.jar:/root/.m2/repository/org/springframework/spring-webmvc/5.3.24/spring-webmvc-5.3.24.jar:/root/.m2/repository/org/springframework/spring-context/5.3.24/spring-context-5.3.24.jar:/root/.m2/repository/org/springframework/spring-expression/5.3.24/spring-expression-5.3.24.jar:/root/.m2/repository/org/springframework/cloud/spring-cloud-starter-netflix-eureka-client/3.1.4/spring-cloud-starter-netflix-eureka-client-3.1.4.jar:/root/.m2/repository/org/springframework/cloud/spring-cloud-starter/3.1.5/spring-cloud-starter-3.1.5.jar:/root/.m2/repository/org/springframework/cloud/spring-cloud-context/3.1.5/spring-cloud-context-3.1.5.jar:/root/.m2/repository/org/springframework/security/spring-security-rsa/1.0.11.RELEASE/spring-security-rsa-1.0.11.RELEASE.jar:/root/.m2/repository/org/bouncycastle/bcpkix-jdk15on/1.69/bcpkix-jdk15on-1.69.jar:/root/.m2/repository/org/bouncycastle/bcprov-jdk15on/1.69/bcprov-jdk15on-1.69.jar:/root/.m2/repository/org/bouncycastle/bcutil-jdk15on/1.69/bcutil-jdk15on-1.69.jar:/root/.m2/repository/org/springframework/cloud/spring-cloud-netflix-eureka-client/3.1.4/spring-cloud-netflix-eureka-client-3.1.4.jar:/root/.m2/repository/com/netflix/eureka/eureka-client/1.10.17/eureka-client-1.10.17.jar:/root/.m2/repository/com/netflix/netflix-commons/netflix-eventbus/0.3.0/netflix-eventbus-0.3.0.jar:/root/.m2/repository/com/netflix/netflix-commons/netflix-infix/0.3.0/netflix-infix-0.3.0.jar:/root/.m2/repository/commons-jxpath/commons-jxpath/1.3/commons-jxpath-1.3.jar:/root/.m2/repository/joda-time/joda-time/2.3/joda-time-2.3.jar:/root/.m2/repository/org/antlr/antlr-runtime/3.4/antlr-runtime-3.4.jar:/root/.m2/repository/org/antlr/stringtemplate/3.2.1/stringtemplate-3.2.1.jar:/root/.m2/repository/antlr/antlr/2.7.7/antlr-2.7.7.jar:/root/.m2/repository/com/google/code/gson/gson/2.9.1/gson-2.9.1.jar:/root/.m2/repository/org/apache/commons/commons-math/2.2/commons-math-2.2.jar:/root/.m2/repository/com/thoughtworks/xstream/xstream/1.4.18/xstream-1.4.18.jar:/root/.m2/repository/io/github/x-stream/mxparser/1.2.2/mxparser-1.2.2.jar:/root/.m2/repository/xmlpull/xmlpull/1.1.3.1/xmlpull-1.1.3.1.jar:/root/.m2/repository/javax/ws/rs/jsr311-api/1.1.1/jsr311-api-1.1.1.jar:/root/.m2/repository/com/netflix/servo/servo-core/0.12.21/servo-core-0.12.21.jar:/root/.m2/repository/com/google/guava/guava/19.0/guava-19.0.jar:/root/.m2/repository/org/apache/httpcomponents/httpclient/4.5.13/httpclient-4.5.13.jar:/root/.m2/repository/org/apache/httpcomponents/httpcore/4.4.15/httpcore-4.4.15.jar:/root/.m2/repository/commons-codec/commons-codec/1.15/commons-codec-1.15.jar:/root/.m2/repository/commons-configuration/commons-configuration/1.10/commons-configuration-1.10.jar:/root/.m2/repository/commons-lang/commons-lang/2.6/commons-lang-2.6.jar:/root/.m2/repository/com/google/inject/guice/4.1.0/guice-4.1.0.jar:/root/.m2/repository/javax/inject/javax.inject/1/javax.inject-1.jar:/root/.m2/repository/com/fasterxml/jackson/core/jackson-annotations/2.13.4/jackson-annotations-2.13.4.jar:/root/.m2/repository/com/fasterxml/jackson/core/jackson-core/2.13.4/jackson-core-2.13.4.jar:/root/.m2/repository/org/codehaus/jettison/jettison/1.4.0/jettison-1.4.0.jar:/root/.m2/repository/com/netflix/eureka/eureka-core/1.10.17/eureka-core-1.10.17.jar:/root/.m2/repository/com/fasterxml/woodstox/woodstox-core/6.2.1/woodstox-core-6.2.1.jar:/root/.m2/repository/org/codehaus/woodstox/stax2-api/4.2.1/stax2-api-4.2.1.jar:/root/.m2/repository/org/springframework/cloud/spring-cloud-starter-loadbalancer/3.1.5/spring-cloud-starter-loadbalancer-3.1.5.jar:/root/.m2/repository/org/springframework/cloud/spring-cloud-loadbalancer/3.1.5/spring-cloud-loadbalancer-3.1.5.jar:/root/.m2/repository/io/projectreactor/reactor-core/3.4.25/reactor-core-3.4.25.jar:/root/.m2/repository/org/reactivestreams/reactive-streams/1.0.4/reactive-streams-1.0.4.jar:/root/.m2/repository/io/projectreactor/addons/reactor-extra/3.4.9/reactor-extra-3.4.9.jar:/root/.m2/repository/org/springframework/boot/spring-boot-starter-cache/2.7.6/spring-boot-starter-cache-2.7.6.jar:/root/.m2/repository/org/springframework/spring-context-support/5.3.24/spring-context-support-5.3.24.jar:/root/.m2/repository/com/stoyanr/evictor/1.0.0/evictor-1.0.0.jar:/root/.m2/repository/org/springframework/boot/spring-boot-starter-test/2.7.6/spring-boot-starter-test-2.7.6.jar:/root/.m2/repository/org/springframework/boot/spring-boot-test/2.7.6/spring-boot-test-2.7.6.jar:/root/.m2/repository/org/springframework/boot/spring-boot-test-autoconfigure/2.7.6/spring-boot-test-autoconfigure-2.7.6.jar:/root/.m2/repository/com/jayway/jsonpath/json-path/2.7.0/json-path-2.7.0.jar:/root/.m2/repository/net/minidev/json-smart/2.4.8/json-smart-2.4.8.jar:/root/.m2/repository/net/minidev/accessors-smart/2.4.8/accessors-smart-2.4.8.jar:/root/.m2/repository/org/ow2/asm/asm/9.1/asm-9.1.jar:/root/.m2/repository/jakarta/xml/bind/jakarta.xml.bind-api/2.3.3/jakarta.xml.bind-api-2.3.3.jar:/root/.m2/repository/jakarta/activation/jakarta.activation-api/1.2.2/jakarta.activation-api-1.2.2.jar:/root/.m2/repository/org/assertj/assertj-core/3.22.0/assertj-core-3.22.0.jar:/root/.m2/repository/org/hamcrest/hamcrest/2.2/hamcrest-2.2.jar:/root/.m2/repository/org/junit/jupiter/junit-jupiter/5.8.2/junit-jupiter-5.8.2.jar:/root/.m2/repository/org/junit/jupiter/junit-jupiter-api/5.8.2/junit-jupiter-api-5.8.2.jar:/root/.m2/repository/org/opentest4j/opentest4j/1.2.0/opentest4j-1.2.0.jar:/root/.m2/repository/org/junit/platform/junit-platform-commons/1.8.2/junit-platform-commons-1.8.2.jar:/root/.m2/repository/org/apiguardian/apiguardian-api/1.1.2/apiguardian-api-1.1.2.jar:/root/.m2/repository/org/junit/jupiter/junit-jupiter-params/5.8.2/junit-jupiter-params-5.8.2.jar:/root/.m2/repository/org/junit/jupiter/junit-jupiter-engine/5.8.2/junit-jupiter-engine-5.8.2.jar:/root/.m2/repository/org/junit/platform/junit-platform-engine/1.8.2/junit-platform-engine-1.8.2.jar:/root/.m2/repository/org/mockito/mockito-core/4.5.1/mockito-core-4.5.1.jar:/root/.m2/repository/net/bytebuddy/byte-buddy/1.12.19/byte-buddy-1.12.19.jar:/root/.m2/repository/net/bytebuddy/byte-buddy-agent/1.12.19/byte-buddy-agent-1.12.19.jar:/root/.m2/repository/org/objenesis/objenesis/3.2/objenesis-3.2.jar:/root/.m2/repository/org/mockito/mockito-junit-jupiter/4.5.1/mockito-junit-jupiter-4.5.1.jar:/root/.m2/repository/org/skyscreamer/jsonassert/1.5.1/jsonassert-1.5.1.jar:/root/.m2/repository/com/vaadin/external/google/android-json/0.0.20131108.vaadin1/android-json-0.0.20131108.vaadin1.jar:/root/.m2/repository/org/springframework/spring-core/5.3.24/spring-core-5.3.24.jar:/root/.m2/repository/org/springframework/spring-jcl/5.3.24/spring-jcl-5.3.24.jar:/root/.m2/repository/org/springframework/spring-test/5.3.24/spring-test-5.3.24.jar:/root/.m2/repository/org/xmlunit/xmlunit-core/2.9.0/xmlunit-core-2.9.0.jar:/root/.m2/repository/org/springframework/cloud/spring-cloud-starter-sleuth/3.1.1/spring-cloud-starter-sleuth-3.1.1.jar:/root/.m2/repository/org/springframework/boot/spring-boot-starter-aop/2.7.6/spring-boot-starter-aop-2.7.6.jar:/root/.m2/repository/org/aspectj/aspectjweaver/1.9.7/aspectjweaver-1.9.7.jar:/root/.m2/repository/org/springframework/cloud/spring-cloud-sleuth-autoconfigure/3.1.5/spring-cloud-sleuth-autoconfigure-3.1.5.jar:/root/.m2/repository/org/springframework/cloud/spring-cloud-sleuth-instrumentation/3.1.5/spring-cloud-sleuth-instrumentation-3.1.5.jar:/root/.m2/repository/org/springframework/cloud/spring-cloud-sleuth-api/3.1.5/spring-cloud-sleuth-api-3.1.5.jar:/root/.m2/repository/org/aspectj/aspectjrt/1.9.7/aspectjrt-1.9.7.jar:/root/.m2/repository/org/springframework/cloud/spring-cloud-sleuth-brave/3.1.5/spring-cloud-sleuth-brave-3.1.5.jar:/root/.m2/repository/io/zipkin/brave/brave/5.13.9/brave-5.13.9.jar:/root/.m2/repository/io/zipkin/brave/brave-context-slf4j/5.13.9/brave-context-slf4j-5.13.9.jar:/root/.m2/repository/io/zipkin/brave/brave-instrumentation-messaging/5.13.9/brave-instrumentation-messaging-5.13.9.jar:/root/.m2/repository/io/zipkin/brave/brave-instrumentation-rpc/5.13.9/brave-instrumentation-rpc-5.13.9.jar:/root/.m2/repository/io/zipkin/brave/brave-instrumentation-spring-rabbit/5.13.9/brave-instrumentation-spring-rabbit-5.13.9.jar:/root/.m2/repository/io/zipkin/brave/brave-instrumentation-kafka-clients/5.13.9/brave-instrumentation-kafka-clients-5.13.9.jar:/root/.m2/repository/io/zipkin/brave/brave-instrumentation-kafka-streams/5.13.9/brave-instrumentation-kafka-streams-5.13.9.jar:/root/.m2/repository/io/zipkin/brave/brave-instrumentation-httpclient/5.13.9/brave-instrumentation-httpclient-5.13.9.jar:/root/.m2/repository/io/zipkin/brave/brave-instrumentation-http/5.13.9/brave-instrumentation-http-5.13.9.jar:/root/.m2/repository/io/zipkin/brave/brave-instrumentation-httpasyncclient/5.13.9/brave-instrumentation-httpasyncclient-5.13.9.jar:/root/.m2/repository/io/zipkin/brave/brave-instrumentation-jms/5.13.9/brave-instrumentation-jms-5.13.9.jar:/root/.m2/repository/io/zipkin/brave/brave-instrumentation-mongodb/5.13.9/brave-instrumentation-mongodb-5.13.9.jar:/root/.m2/repository/io/zipkin/aws/brave-propagation-aws/0.21.3/brave-propagation-aws-0.21.3.jar:/root/.m2/repository/io/zipkin/reporter2/zipkin-reporter-metrics-micrometer/2.16.3/zipkin-reporter-metrics-micrometer-2.16.3.jar:/root/.m2/repository/io/zipkin/reporter2/zipkin-reporter/2.16.3/zipkin-reporter-2.16.3.jar:/root/.m2/repository/io/zipkin/zipkin2/zipkin/2.23.2/zipkin-2.23.2.jar:/root/.m2/repository/org/projectlombok/lombok/1.18.24/lombok-1.18.24.jar:/root/.m2/repository/org/springframework/cloud/spring-cloud-starter-openfeign/3.1.3/spring-cloud-starter-openfeign-3.1.3.jar:/root/.m2/repository/org/springframework/cloud/spring-cloud-openfeign-core/3.1.5/spring-cloud-openfeign-core-3.1.5.jar:/root/.m2/repository/io/github/openfeign/form/feign-form-spring/3.8.0/feign-form-spring-3.8.0.jar:/root/.m2/repository/io/github/openfeign/form/feign-form/3.8.0/feign-form-3.8.0.jar:/root/.m2/repository/commons-fileupload/commons-fileupload/1.4/commons-fileupload-1.4.jar:/root/.m2/repository/org/springframework/cloud/spring-cloud-commons/3.1.5/spring-cloud-commons-3.1.5.jar:/root/.m2/repository/org/springframework/security/spring-security-crypto/5.7.5/spring-security-crypto-5.7.5.jar:/root/.m2/repository/io/github/openfeign/feign-core/11.10/feign-core-11.10.jar:/root/.m2/repository/io/github/openfeign/feign-slf4j/11.10/feign-slf4j-11.10.jar:/root/.m2/repository/io/github/resilience4j/resilience4j-spring-boot2/1.7.0/resilience4j-spring-boot2-1.7.0.jar:/root/.m2/repository/io/vavr/vavr/0.10.2/vavr-0.10.2.jar:/root/.m2/repository/io/vavr/vavr-match/0.10.2/vavr-match-0.10.2.jar:/root/.m2/repository/org/slf4j/slf4j-api/1.7.36/slf4j-api-1.7.36.jar:/root/.m2/repository/io/github/resilience4j/resilience4j-spring/1.7.0/resilience4j-spring-1.7.0.jar:/root/.m2/repository/io/github/resilience4j/resilience4j-annotations/1.7.0/resilience4j-annotations-1.7.0.jar:/root/.m2/repository/io/github/resilience4j/resilience4j-consumer/1.7.0/resilience4j-consumer-1.7.0.jar:/root/.m2/repository/io/github/resilience4j/resilience4j-core/1.7.0/resilience4j-core-1.7.0.jar:/root/.m2/repository/io/github/resilience4j/resilience4j-circularbuffer/1.7.0/resilience4j-circularbuffer-1.7.0.jar:/root/.m2/repository/io/github/resilience4j/resilience4j-framework-common/1.7.0/resilience4j-framework-common-1.7.0.jar:/root/.m2/repository/io/github/resilience4j/resilience4j-circuitbreaker/1.7.0/resilience4j-circuitbreaker-1.7.0.jar:/root/.m2/repository/io/github/resilience4j/resilience4j-ratelimiter/1.7.0/resilience4j-ratelimiter-1.7.0.jar:/root/.m2/repository/io/github/resilience4j/resilience4j-retry/1.7.0/resilience4j-retry-1.7.0.jar:/root/.m2/repository/io/github/resilience4j/resilience4j-bulkhead/1.7.0/resilience4j-bulkhead-1.7.0.jar:/root/.m2/repository/io/github/resilience4j/resilience4j-timelimiter/1.7.0/resilience4j-timelimiter-1.7.0.jar:/root/.m2/repository/io/github/resilience4j/resilience4j-micrometer/1.7.0/resilience4j-micrometer-1.7.0.jar:/root/.m2/repository/org/springframework/spring-aop/5.3.24/spring-aop-5.3.24.jar:/root/.m2/repository/org/springframework/spring-beans/5.3.24/spring-beans-5.3.24.jar:/root/.m2/repository/io/micrometer/micrometer-core/1.9.3/micrometer-core-1.9.3.jar:/root/.m2/repository/org/hdrhistogram/HdrHistogram/2.1.12/HdrHistogram-2.1.12.jar:/root/.m2/repository/org/latencyutils/LatencyUtils/2.0.3/LatencyUtils-2.0.3.jar:/root/.m2/repository/io/micrometer/micrometer-registry-prometheus/1.9.3/micrometer-registry-prometheus-1.9.3.jar:/root/.m2/repository/io/prometheus/simpleclient_common/0.15.0/simpleclient_common-0.15.0.jar:/root/.m2/repository/io/prometheus/simpleclient/0.15.0/simpleclient-0.15.0.jar:/root/.m2/repository/io/prometheus/simpleclient_tracer_otel/0.15.0/simpleclient_tracer_otel-0.15.0.jar:/root/.m2/repository/io/prometheus/simpleclient_tracer_common/0.15.0/simpleclient_tracer_common-0.15.0.jar:/root/.m2/repository/io/prometheus/simpleclient_tracer_otel_agent/0.15.0/simpleclient_tracer_otel_agent-0.15.0.jar:"/>
    <property name="java.vm.vendor" value="Red Hat, Inc."/>
    <property name="sun.arch.data.model" value="64"/>
    <property name="java.vendor.url" value="https://www.redhat.com/"/>
    <property name="user.timezone" value=""/>
    <property name="java.vm.specification.version" value="11"/>
    <property name="os.name" value="Linux"/>
    <property name="sun.java.launcher" value="SUN_STANDARD"/>
    <property name="user.country" value="US"/>
    <property name="sun.boot.library.path" value="/usr/lib/jvm/java-11-openjdk-11.0.16.0.8-1.amzn2.0.1.x86_64/lib"/>
    <property name="sun.java.command" value="/opt/build/workspace/node1-pipeline/target/surefire/surefirebooter4551389810265054097.jar /opt/build/workspace/node1-pipeline/target/surefire 2023-02-01T10-51-05_756-jvmRun1 surefire15173055523569246979tmp surefire_015566643070746871120tmp"/>
    <property name="jdk.debug" value="release"/>
    <property name="surefire.test.class.path" value="/opt/build/workspace/node1-pipeline/target/test-classes:/opt/build/workspace/node1-pipeline/target/classes:/root/.m2/repository/org/springframework/boot/spring-boot-starter-actuator/2.7.6/spring-boot-starter-actuator-2.7.6.jar:/root/.m2/repository/org/springframework/boot/spring-boot-starter/2.7.6/spring-boot-starter-2.7.6.jar:/root/.m2/repository/org/springframework/boot/spring-boot/2.7.6/spring-boot-2.7.6.jar:/root/.m2/repository/org/springframework/boot/spring-boot-autoconfigure/2.7.6/spring-boot-autoconfigure-2.7.6.jar:/root/.m2/repository/org/springframework/boot/spring-boot-starter-logging/2.7.6/spring-boot-starter-logging-2.7.6.jar:/root/.m2/repository/ch/qos/logback/logback-classic/1.2.11/logback-classic-1.2.11.jar:/root/.m2/repository/ch/qos/logback/logback-core/1.2.11/logback-core-1.2.11.jar:/root/.m2/repository/org/apache/logging/log4j/log4j-to-slf4j/2.17.2/log4j-to-slf4j-2.17.2.jar:/root/.m2/repository/org/apache/logging/log4j/log4j-api/2.17.2/log4j-api-2.17.2.jar:/root/.m2/repository/org/slf4j/jul-to-slf4j/1.7.36/jul-to-slf4j-1.7.36.jar:/root/.m2/repository/jakarta/annotation/jakarta.annotation-api/1.3.5/jakarta.annotation-api-1.3.5.jar:/root/.m2/repository/org/yaml/snakeyaml/1.30/snakeyaml-1.30.jar:/root/.m2/repository/org/springframework/boot/spring-boot-actuator-autoconfigure/2.7.6/spring-boot-actuator-autoconfigure-2.7.6.jar:/root/.m2/repository/org/springframework/boot/spring-boot-actuator/2.7.6/spring-boot-actuator-2.7.6.jar:/root/.m2/repository/com/fasterxml/jackson/core/jackson-databind/2.13.4.2/jackson-databind-2.13.4.2.jar:/root/.m2/repository/com/fasterxml/jackson/datatype/jackson-datatype-jsr310/2.13.4/jackson-datatype-jsr310-2.13.4.jar:/root/.m2/repository/org/springframework/boot/spring-boot-starter-web/2.7.6/spring-boot-starter-web-2.7.6.jar:/root/.m2/repository/org/springframework/boot/spring-boot-starter-json/2.7.6/spring-boot-starter-json-2.7.6.jar:/root/.m2/repository/com/fasterxml/jackson/datatype/jackson-datatype-jdk8/2.13.4/jackson-datatype-jdk8-2.13.4.jar:/root/.m2/repository/com/fasterxml/jackson/module/jackson-module-parameter-names/2.13.4/jackson-module-parameter-names-2.13.4.jar:/root/.m2/repository/org/springframework/boot/spring-boot-starter-tomcat/2.7.6/spring-boot-starter-tomcat-2.7.6.jar:/root/.m2/repository/org/apache/tomcat/embed/tomcat-embed-core/9.0.69/tomcat-embed-core-9.0.69.jar:/root/.m2/repository/org/apache/tomcat/embed/tomcat-embed-el/9.0.69/tomcat-embed-el-9.0.69.jar:/root/.m2/repository/org/apache/tomcat/embed/tomcat-embed-websocket/9.0.69/tomcat-embed-websocket-9.0.69.jar:/root/.m2/repository/org/springframework/spring-web/5.3.24/spring-web-5.3.24.jar:/root/.m2/repository/org/springframework/spring-webmvc/5.3.24/spring-webmvc-5.3.24.jar:/root/.m2/repository/org/springframework/spring-context/5.3.24/spring-context-5.3.24.jar:/root/.m2/repository/org/springframework/spring-expression/5.3.24/spring-expression-5.3.24.jar:/root/.m2/repository/org/springframework/cloud/spring-cloud-starter-netflix-eureka-client/3.1.4/spring-cloud-starter-netflix-eureka-client-3.1.4.jar:/root/.m2/repository/org/springframework/cloud/spring-cloud-starter/3.1.5/spring-cloud-starter-3.1.5.jar:/root/.m2/repository/org/springframework/cloud/spring-cloud-context/3.1.5/spring-cloud-context-3.1.5.jar:/root/.m2/repository/org/springframework/security/spring-security-rsa/1.0.11.RELEASE/spring-security-rsa-1.0.11.RELEASE.jar:/root/.m2/repository/org/bouncycastle/bcpkix-jdk15on/1.69/bcpkix-jdk15on-1.69.jar:/root/.m2/repository/org/bouncycastle/bcprov-jdk15on/1.69/bcprov-jdk15on-1.69.jar:/root/.m2/repository/org/bouncycastle/bcutil-jdk15on/1.69/bcutil-jdk15on-1.69.jar:/root/.m2/repository/org/springframework/cloud/spring-cloud-netflix-eureka-client/3.1.4/spring-cloud-netflix-eureka-client-3.1.4.jar:/root/.m2/repository/com/netflix/eureka/eureka-client/1.10.17/eureka-client-1.10.17.jar:/root/.m2/repository/com/netflix/netflix-commons/netflix-eventbus/0.3.0/netflix-eventbus-0.3.0.jar:/root/.m2/repository/com/netflix/netflix-commons/netflix-infix/0.3.0/netflix-infix-0.3.0.jar:/root/.m2/repository/commons-jxpath/commons-jxpath/1.3/commons-jxpath-1.3.jar:/root/.m2/repository/joda-time/joda-time/2.3/joda-time-2.3.jar:/root/.m2/repository/org/antlr/antlr-runtime/3.4/antlr-runtime-3.4.jar:/root/.m2/repository/org/antlr/stringtemplate/3.2.1/stringtemplate-3.2.1.jar:/root/.m2/repository/antlr/antlr/2.7.7/antlr-2.7.7.jar:/root/.m2/repository/com/google/code/gson/gson/2.9.1/gson-2.9.1.jar:/root/.m2/repository/org/apache/commons/commons-math/2.2/commons-math-2.2.jar:/root/.m2/repository/com/thoughtworks/xstream/xstream/1.4.18/xstream-1.4.18.jar:/root/.m2/repository/io/github/x-stream/mxparser/1.2.2/mxparser-1.2.2.jar:/root/.m2/repository/xmlpull/xmlpull/1.1.3.1/xmlpull-1.1.3.1.jar:/root/.m2/repository/javax/ws/rs/jsr311-api/1.1.1/jsr311-api-1.1.1.jar:/root/.m2/repository/com/netflix/servo/servo-core/0.12.21/servo-core-0.12.21.jar:/root/.m2/repository/com/google/guava/guava/19.0/guava-19.0.jar:/root/.m2/repository/org/apache/httpcomponents/httpclient/4.5.13/httpclient-4.5.13.jar:/root/.m2/repository/org/apache/httpcomponents/httpcore/4.4.15/httpcore-4.4.15.jar:/root/.m2/repository/commons-codec/commons-codec/1.15/commons-codec-1.15.jar:/root/.m2/repository/commons-configuration/commons-configuration/1.10/commons-configuration-1.10.jar:/root/.m2/repository/commons-lang/commons-lang/2.6/commons-lang-2.6.jar:/root/.m2/repository/com/google/inject/guice/4.1.0/guice-4.1.0.jar:/root/.m2/repository/javax/inject/javax.inject/1/javax.inject-1.jar:/root/.m2/repository/com/fasterxml/jackson/core/jackson-annotations/2.13.4/jackson-annotations-2.13.4.jar:/root/.m2/repository/com/fasterxml/jackson/core/jackson-core/2.13.4/jackson-core-2.13.4.jar:/root/.m2/repository/org/codehaus/jettison/jettison/1.4.0/jettison-1.4.0.jar:/root/.m2/repository/com/netflix/eureka/eureka-core/1.10.17/eureka-core-1.10.17.jar:/root/.m2/repository/com/fasterxml/woodstox/woodstox-core/6.2.1/woodstox-core-6.2.1.jar:/root/.m2/repository/org/codehaus/woodstox/stax2-api/4.2.1/stax2-api-4.2.1.jar:/root/.m2/repository/org/springframework/cloud/spring-cloud-starter-loadbalancer/3.1.5/spring-cloud-starter-loadbalancer-3.1.5.jar:/root/.m2/repository/org/springframework/cloud/spring-cloud-loadbalancer/3.1.5/spring-cloud-loadbalancer-3.1.5.jar:/root/.m2/repository/io/projectreactor/reactor-core/3.4.25/reactor-core-3.4.25.jar:/root/.m2/repository/org/reactivestreams/reactive-streams/1.0.4/reactive-streams-1.0.4.jar:/root/.m2/repository/io/projectreactor/addons/reactor-extra/3.4.9/reactor-extra-3.4.9.jar:/root/.m2/repository/org/springframework/boot/spring-boot-starter-cache/2.7.6/spring-boot-starter-cache-2.7.6.jar:/root/.m2/repository/org/springframework/spring-context-support/5.3.24/spring-context-support-5.3.24.jar:/root/.m2/repository/com/stoyanr/evictor/1.0.0/evictor-1.0.0.jar:/root/.m2/repository/org/springframework/boot/spring-boot-starter-test/2.7.6/spring-boot-starter-test-2.7.6.jar:/root/.m2/repository/org/springframework/boot/spring-boot-test/2.7.6/spring-boot-test-2.7.6.jar:/root/.m2/repository/org/springframework/boot/spring-boot-test-autoconfigure/2.7.6/spring-boot-test-autoconfigure-2.7.6.jar:/root/.m2/repository/com/jayway/jsonpath/json-path/2.7.0/json-path-2.7.0.jar:/root/.m2/repository/net/minidev/json-smart/2.4.8/json-smart-2.4.8.jar:/root/.m2/repository/net/minidev/accessors-smart/2.4.8/accessors-smart-2.4.8.jar:/root/.m2/repository/org/ow2/asm/asm/9.1/asm-9.1.jar:/root/.m2/repository/jakarta/xml/bind/jakarta.xml.bind-api/2.3.3/jakarta.xml.bind-api-2.3.3.jar:/root/.m2/repository/jakarta/activation/jakarta.activation-api/1.2.2/jakarta.activation-api-1.2.2.jar:/root/.m2/repository/org/assertj/assertj-core/3.22.0/assertj-core-3.22.0.jar:/root/.m2/repository/org/hamcrest/hamcrest/2.2/hamcrest-2.2.jar:/root/.m2/repository/org/junit/jupiter/junit-jupiter/5.8.2/junit-jupiter-5.8.2.jar:/root/.m2/repository/org/junit/jupiter/junit-jupiter-api/5.8.2/junit-jupiter-api-5.8.2.jar:/root/.m2/repository/org/opentest4j/opentest4j/1.2.0/opentest4j-1.2.0.jar:/root/.m2/repository/org/junit/platform/junit-platform-commons/1.8.2/junit-platform-commons-1.8.2.jar:/root/.m2/repository/org/apiguardian/apiguardian-api/1.1.2/apiguardian-api-1.1.2.jar:/root/.m2/repository/org/junit/jupiter/junit-jupiter-params/5.8.2/junit-jupiter-params-5.8.2.jar:/root/.m2/repository/org/junit/jupiter/junit-jupiter-engine/5.8.2/junit-jupiter-engine-5.8.2.jar:/root/.m2/repository/org/junit/platform/junit-platform-engine/1.8.2/junit-platform-engine-1.8.2.jar:/root/.m2/repository/org/mockito/mockito-core/4.5.1/mockito-core-4.5.1.jar:/root/.m2/repository/net/bytebuddy/byte-buddy/1.12.19/byte-buddy-1.12.19.jar:/root/.m2/repository/net/bytebuddy/byte-buddy-agent/1.12.19/byte-buddy-agent-1.12.19.jar:/root/.m2/repository/org/objenesis/objenesis/3.2/objenesis-3.2.jar:/root/.m2/repository/org/mockito/mockito-junit-jupiter/4.5.1/mockito-junit-jupiter-4.5.1.jar:/root/.m2/repository/org/skyscreamer/jsonassert/1.5.1/jsonassert-1.5.1.jar:/root/.m2/repository/com/vaadin/external/google/android-json/0.0.20131108.vaadin1/android-json-0.0.20131108.vaadin1.jar:/root/.m2/repository/org/springframework/spring-core/5.3.24/spring-core-5.3.24.jar:/root/.m2/repository/org/springframework/spring-jcl/5.3.24/spring-jcl-5.3.24.jar:/root/.m2/repository/org/springframework/spring-test/5.3.24/spring-test-5.3.24.jar:/root/.m2/repository/org/xmlunit/xmlunit-core/2.9.0/xmlunit-core-2.9.0.jar:/root/.m2/repository/org/springframework/cloud/spring-cloud-starter-sleuth/3.1.1/spring-cloud-starter-sleuth-3.1.1.jar:/root/.m2/repository/org/springframework/boot/spring-boot-starter-aop/2.7.6/spring-boot-starter-aop-2.7.6.jar:/root/.m2/repository/org/aspectj/aspectjweaver/1.9.7/aspectjweaver-1.9.7.jar:/root/.m2/repository/org/springframework/cloud/spring-cloud-sleuth-autoconfigure/3.1.5/spring-cloud-sleuth-autoconfigure-3.1.5.jar:/root/.m2/repository/org/springframework/cloud/spring-cloud-sleuth-instrumentation/3.1.5/spring-cloud-sleuth-instrumentation-3.1.5.jar:/root/.m2/repository/org/springframework/cloud/spring-cloud-sleuth-api/3.1.5/spring-cloud-sleuth-api-3.1.5.jar:/root/.m2/repository/org/aspectj/aspectjrt/1.9.7/aspectjrt-1.9.7.jar:/root/.m2/repository/org/springframework/cloud/spring-cloud-sleuth-brave/3.1.5/spring-cloud-sleuth-brave-3.1.5.jar:/root/.m2/repository/io/zipkin/brave/brave/5.13.9/brave-5.13.9.jar:/root/.m2/repository/io/zipkin/brave/brave-context-slf4j/5.13.9/brave-context-slf4j-5.13.9.jar:/root/.m2/repository/io/zipkin/brave/brave-instrumentation-messaging/5.13.9/brave-instrumentation-messaging-5.13.9.jar:/root/.m2/repository/io/zipkin/brave/brave-instrumentation-rpc/5.13.9/brave-instrumentation-rpc-5.13.9.jar:/root/.m2/repository/io/zipkin/brave/brave-instrumentation-spring-rabbit/5.13.9/brave-instrumentation-spring-rabbit-5.13.9.jar:/root/.m2/repository/io/zipkin/brave/brave-instrumentation-kafka-clients/5.13.9/brave-instrumentation-kafka-clients-5.13.9.jar:/root/.m2/repository/io/zipkin/brave/brave-instrumentation-kafka-streams/5.13.9/brave-instrumentation-kafka-streams-5.13.9.jar:/root/.m2/repository/io/zipkin/brave/brave-instrumentation-httpclient/5.13.9/brave-instrumentation-httpclient-5.13.9.jar:/root/.m2/repository/io/zipkin/brave/brave-instrumentation-http/5.13.9/brave-instrumentation-http-5.13.9.jar:/root/.m2/repository/io/zipkin/brave/brave-instrumentation-httpasyncclient/5.13.9/brave-instrumentation-httpasyncclient-5.13.9.jar:/root/.m2/repository/io/zipkin/brave/brave-instrumentation-jms/5.13.9/brave-instrumentation-jms-5.13.9.jar:/root/.m2/repository/io/zipkin/brave/brave-instrumentation-mongodb/5.13.9/brave-instrumentation-mongodb-5.13.9.jar:/root/.m2/repository/io/zipkin/aws/brave-propagation-aws/0.21.3/brave-propagation-aws-0.21.3.jar:/root/.m2/repository/io/zipkin/reporter2/zipkin-reporter-metrics-micrometer/2.16.3/zipkin-reporter-metrics-micrometer-2.16.3.jar:/root/.m2/repository/io/zipkin/reporter2/zipkin-reporter/2.16.3/zipkin-reporter-2.16.3.jar:/root/.m2/repository/io/zipkin/zipkin2/zipkin/2.23.2/zipkin-2.23.2.jar:/root/.m2/repository/org/projectlombok/lombok/1.18.24/lombok-1.18.24.jar:/root/.m2/repository/org/springframework/cloud/spring-cloud-starter-openfeign/3.1.3/spring-cloud-starter-openfeign-3.1.3.jar:/root/.m2/repository/org/springframework/cloud/spring-cloud-openfeign-core/3.1.5/spring-cloud-openfeign-core-3.1.5.jar:/root/.m2/repository/io/github/openfeign/form/feign-form-spring/3.8.0/feign-form-spring-3.8.0.jar:/root/.m2/repository/io/github/openfeign/form/feign-form/3.8.0/feign-form-3.8.0.jar:/root/.m2/repository/commons-fileupload/commons-fileupload/1.4/commons-fileupload-1.4.jar:/root/.m2/repository/org/springframework/cloud/spring-cloud-commons/3.1.5/spring-cloud-commons-3.1.5.jar:/root/.m2/repository/org/springframework/security/spring-security-crypto/5.7.5/spring-security-crypto-5.7.5.jar:/root/.m2/repository/io/github/openfeign/feign-core/11.10/feign-core-11.10.jar:/root/.m2/repository/io/github/openfeign/feign-slf4j/11.10/feign-slf4j-11.10.jar:/root/.m2/repository/io/github/resilience4j/resilience4j-spring-boot2/1.7.0/resilience4j-spring-boot2-1.7.0.jar:/root/.m2/repository/io/vavr/vavr/0.10.2/vavr-0.10.2.jar:/root/.m2/repository/io/vavr/vavr-match/0.10.2/vavr-match-0.10.2.jar:/root/.m2/repository/org/slf4j/slf4j-api/1.7.36/slf4j-api-1.7.36.jar:/root/.m2/repository/io/github/resilience4j/resilience4j-spring/1.7.0/resilience4j-spring-1.7.0.jar:/root/.m2/repository/io/github/resilience4j/resilience4j-annotations/1.7.0/resilience4j-annotations-1.7.0.jar:/root/.m2/repository/io/github/resilience4j/resilience4j-consumer/1.7.0/resilience4j-consumer-1.7.0.jar:/root/.m2/repository/io/github/resilience4j/resilience4j-core/1.7.0/resilience4j-core-1.7.0.jar:/root/.m2/repository/io/github/resilience4j/resilience4j-circularbuffer/1.7.0/resilience4j-circularbuffer-1.7.0.jar:/root/.m2/repository/io/github/resilience4j/resilience4j-framework-common/1.7.0/resilience4j-framework-common-1.7.0.jar:/root/.m2/repository/io/github/resilience4j/resilience4j-circuitbreaker/1.7.0/resilience4j-circuitbreaker-1.7.0.jar:/root/.m2/repository/io/github/resilience4j/resilience4j-ratelimiter/1.7.0/resilience4j-ratelimiter-1.7.0.jar:/root/.m2/repository/io/github/resilience4j/resilience4j-retry/1.7.0/resilience4j-retry-1.7.0.jar:/root/.m2/repository/io/github/resilience4j/resilience4j-bulkhead/1.7.0/resilience4j-bulkhead-1.7.0.jar:/root/.m2/repository/io/github/resilience4j/resilience4j-timelimiter/1.7.0/resilience4j-timelimiter-1.7.0.jar:/root/.m2/repository/io/github/resilience4j/resilience4j-micrometer/1.7.0/resilience4j-micrometer-1.7.0.jar:/root/.m2/repository/org/springframework/spring-aop/5.3.24/spring-aop-5.3.24.jar:/root/.m2/repository/org/springframework/spring-beans/5.3.24/spring-beans-5.3.24.jar:/root/.m2/repository/io/micrometer/micrometer-core/1.9.3/micrometer-core-1.9.3.jar:/root/.m2/repository/org/hdrhistogram/HdrHistogram/2.1.12/HdrHistogram-2.1.12.jar:/root/.m2/repository/org/latencyutils/LatencyUtils/2.0.3/LatencyUtils-2.0.3.jar:/root/.m2/repository/io/micrometer/micrometer-registry-prometheus/1.9.3/micrometer-registry-prometheus-1.9.3.jar:/root/.m2/repository/io/prometheus/simpleclient_common/0.15.0/simpleclient_common-0.15.0.jar:/root/.m2/repository/io/prometheus/simpleclient/0.15.0/simpleclient-0.15.0.jar:/root/.m2/repository/io/prometheus/simpleclient_tracer_otel/0.15.0/simpleclient_tracer_otel-0.15.0.jar:/root/.m2/repository/io/prometheus/simpleclient_tracer_common/0.15.0/simpleclient_tracer_common-0.15.0.jar:/root/.m2/repository/io/prometheus/simpleclient_tracer_otel_agent/0.15.0/simpleclient_tracer_otel_agent-0.15.0.jar:"/>
    <property name="sun.cpu.endian" value="little"/>
    <property name="user.home" value="/root"/>
    <property name="user.language" value="en"/>
    <property name="java.specification.vendor" value="Oracle Corporation"/>
    <property name="java.version.date" value="2022-07-19"/>
    <property name="java.home" value="/usr/lib/jvm/java-11-openjdk-11.0.16.0.8-1.amzn2.0.1.x86_64"/>
    <property name="file.separator" value="/"/>
    <property name="basedir" value="/opt/build/workspace/node1-pipeline"/>
    <property name="java.vm.compressedOopsMode" value="32-bit"/>
    <property name="line.separator" value="&#10;"/>
    <property name="java.specification.name" value="Java Platform API Specification"/>
    <property name="java.vm.specification.vendor" value="Oracle Corporation"/>
    <property name="java.awt.graphicsenv" value="sun.awt.X11GraphicsEnvironment"/>
    <property name="surefire.real.class.path" value="/opt/build/workspace/node1-pipeline/target/surefire/surefirebooter4551389810265054097.jar"/>
    <property name="sun.management.compiler" value="HotSpot 64-Bit Tiered Compilers"/>
    <property name="java.runtime.version" value="11.0.16+8-LTS"/>
    <property name="user.name" value="root"/>
    <property name="path.separator" value=":"/>
    <property name="os.version" value="5.10.162-141.675.amzn2.x86_64"/>
    <property name="java.runtime.name" value="OpenJDK Runtime Environment"/>
    <property name="file.encoding" value="UTF-8"/>
    <property name="java.vm.name" value="OpenJDK 64-Bit Server VM"/>
    <property name="java.vendor.version" value="(Red_Hat-11.0.16.0.8-1.amzn2.0.1)"/>
    <property name="localRepository" value="/root/.m2/repository"/>
    <property name="java.vendor.url.bug" value="https://repost.aws/"/>
    <property name="java.io.tmpdir" value="/tmp"/>
    <property name="java.version" value="11.0.16"/>
    <property name="user.dir" value="/opt/build/workspace/node1-pipeline"/>
    <property name="os.arch" value="amd64"/>
    <property name="java.vm.specification.name" value="Java Virtual Machine Specification"/>
    <property name="java.awt.printerjob" value="sun.print.PSPrinterJob"/>
    <property name="sun.os.patch.level" value="unknown"/>
    <property name="java.library.path" value="/usr/java/packages/lib:/usr/lib64:/lib64:/lib:/usr/lib"/>
    <property name="java.vm.info" value="mixed mode, sharing"/>
    <property name="java.vendor" value="Red Hat, Inc."/>
    <property name="java.vm.version" value="11.0.16+8-LTS"/>
    <property name="sun.io.unicode.encoding" value="UnicodeLittle"/>
    <property name="java.class.version" value="55.0"/>
  </properties>
  <testcase name="contextLoads" classname="com.example.accounts.AccountsApplicationTests" time="0.83"/>
</testsuite>